<?xml version="1.0" encoding="UTF-8"?>
<!-- Generated by org.testng.reporters.JUnitXMLReporter -->
<testsuite ignored="0" hostname="Deepali-SN" failures="0" tests="3" name="Test" time="75.628" errors="0" timestamp="09 Mar 2022 07:58:15 GMT">
  <testcase classname="com.automationFramework.uiTests.Registration" name="testLoginToApplication" time="25.009"/>
  <testcase classname="com.automationFramework.uiTests.Registration" name="testLoginToApplication" time="17.148"/>
  <testcase classname="com.automationFramework.uiTests.Registration" name="testLoginToApplication" time="28.324"/>
</testsuite> <!-- Test -->
