<?xml version="1.0" encoding="UTF-8"?>
<!-- Generated by org.testng.reporters.JUnitXMLReporter -->
<testsuite ignored="0" hostname="Deepali-SN" failures="0" tests="3" name="Test1" time="7.516" errors="0" timestamp="09 Mar 2022 07:58:23 GMT">
  <testcase classname="com.automationFramework.apiTests.GetUserDetailsTest" name="getUserDetailsTest" time="2.581"/>
  <testcase classname="com.automationFramework.apiTests.GetUserDetailsTest" name="getUserDetailsTest" time="0.285"/>
  <testcase classname="com.automationFramework.apiTests.GetUserDetailsTest" name="getUserDetailsTest" time="0.293"/>
</testsuite> <!-- Test1 -->
